Collecting qiskit
  Downloading qiskit-0.44.0.tar.gz (8.9 kB)
  Installing build dependencies: started
  Installing build dependencies: finished with status 'done'
  Getting requirements to build wheel: started
  Getting requirements to build wheel: finished with status 'done'
  Installing backend dependencies: started
  Installing backend dependencies: finished with status 'done'
  Preparing metadata (pyproject.toml): started
  Preparing metadata (pyproject.toml): finished with status 'done'
Collecting qiskit-terra==0.25.0 (from qiskit)
  Downloading qiskit_terra-0.25.0-cp38-abi3-manylinux_2_17_x86_64.manylinux2014_x86_64.whl (6.1 MB)
     ━━━━━━━━━━━━━━━━━━━━━━━━━━━━━━━━━━━━━━━━ 6.1/6.1 MB 16.2 MB/s eta 0:00:00
Collecting rustworkx>=0.13.0 (from qiskit-terra==0.25.0->qiskit)
  Downloading rustworkx-0.13.1-cp310-cp310-manylinux_2_17_x86_64.manylinux2014_x86_64.whl (2.0 MB)
     ━━━━━━━━━━━━━━━━━━━━━━━━━━━━━━━━━━━━━━━━ 2.0/2.0 MB 26.1 MB/s eta 0:00:00
Requirement already satisfied: numpy>=1.17 in /usr/local/lib/python3.10/dist-packages (from qiskit-terra==0.25.0->qiskit) (1.22.4)
Collecting ply>=3.10 (from qiskit-terra==0.25.0->qiskit)
  Downloading ply-3.11-py2.py3-none-any.whl (49 kB)
     ━━━━━━━━━━━━━━━━━━━━━━━━━━━━━━━━━━━━━━━━ 49.6/49.6 kB 5.6 MB/s eta 0:00:00
Requirement already satisfied: psutil>=5 in /usr/local/lib/python3.10/dist-packages (from qiskit-terra==0.25.0->qiskit) (5.9.5)
Requirement already satisfied: scipy>=1.5 in /usr/local/lib/python3.10/dist-packages (from qiskit-terra==0.25.0->qiskit) (1.10.1)
Requirement already satisfied: sympy>=1.3 in /usr/local/lib/python3.10/dist-packages (from qiskit-terra==0.25.0->qiskit) (1.11.1)
Collecting dill>=0.3 (from qiskit-terra==0.25.0->qiskit)
  Downloading dill-0.3.7-py3-none-any.whl (115 kB)
     ━━━━━━━━━━━━━━━━━━━━━━━━━━━━━━━━━━━━━━ 115.3/115.3 kB 12.7 MB/s eta 0:00:00
Requirement already satisfied: python-dateutil>=2.8.0 in /usr/local/lib/python3.10/dist-packages (from qiskit-terra==0.25.0->qiskit) (2.8.2)
Collecting stevedore>=3.0.0 (from qiskit-terra==0.25.0->qiskit)
  Downloading stevedore-5.1.0-py3-none-any.whl (49 kB)
     ━━━━━━━━━━━━━━━━━━━━━━━━━━━━━━━━━━━━━━━━ 49.6/49.6 kB 5.5 MB/s eta 0:00:00
Collecting symengine<0.10,>=0.9 (from qiskit-terra==0.25.0->qiskit)
  Downloading symengine-0.9.2-cp310-cp310-manylinux2010_x86_64.whl (37.5 MB)
     ━━━━━━━━━━━━━━━━━━━━━━━━━━━━━━━━━━━━━━━━ 37.5/37.5 MB 20.8 MB/s eta 0:00:00
Requirement already satisfied: typing-extensions in /usr/local/lib/python3.10/dist-packages (from qiskit-terra==0.25.0->qiskit) (4.7.1)
Requirement already satisfied: six>=1.5 in /usr/local/lib/python3.10/dist-packages (from python-dateutil>=2.8.0->qiskit-terra==0.25.0->qiskit) (1.16.0)
Collecting pbr!=2.1.0,>=2.0.0 (from stevedore>=3.0.0->qiskit-terra==0.25.0->qiskit)
  Downloading pbr-5.11.1-py2.py3-none-any.whl (112 kB)
     ━━━━━━━━━━━━━━━━━━━━━━━━━━━━━━━━━━━━━━ 112.7/112.7 kB 12.5 MB/s eta 0:00:00
Requirement already satisfied: mpmath>=0.19 in /usr/local/lib/python3.10/dist-packages (from sympy>=1.3->qiskit-terra==0.25.0->qiskit) (1.3.0)
Building wheels for collected packages: qiskit
  Building wheel for qiskit (pyproject.toml): started
  Building wheel for qiskit (pyproject.toml): finished with status 'done'
  Created wheel for qiskit: filename=qiskit-0.44.0-py3-none-any.whl size=7614 sha256=93b90fcaf3e49ed3632c4473d7742f8b88cb584fd95b11206f7126eb3e0b924a
  Stored in directory: /root/.cache/pip/wheels/45/90/00/70879ea1304b7b44cde9f737d2a819a87346d62666b3a89de1
Successfully built qiskit
Installing collected packages: ply, symengine, rustworkx, pbr, dill, stevedore, qiskit-terra, qiskit
